<?xml version="1.0" encoding="UTF-8" ?>
<testsuite tests="17" failures="0" name="adt.stack.StudentStackTest" time="0.001" errors="0" skipped="0">
  <properties>
[...]
</properties>
  <testcase classname="adt.stack.StudentStackTest" name="testPopComErro1" time="0"/>
  <testcase classname="adt.stack.StudentStackTest" name="testPopComErro2" time="0"/>
  <testcase classname="adt.stack.StudentStackTest" name="testPopComErro3" time="0"/>
  <testcase classname="adt.stack.StudentStackTest" name="testPopComErro4" time="0"/>
  <testcase classname="adt.stack.StudentStackTest" name="testPop" time="0"/>
  <testcase classname="adt.stack.StudentStackTest" name="testTop" time="0"/>
  <testcase classname="adt.stack.StudentStackTest" name="testPush" time="0"/>
  <testcase classname="adt.stack.StudentStackTest" name="testIsEmpty2" time="0"/>
  <testcase classname="adt.stack.StudentStackTest" name="testTopComPilhaVazia" time="0"/>
  <testcase classname="adt.stack.StudentStackTest" name="testPushComNull" time="0"/>
  <testcase classname="adt.stack.StudentStackTest" name="testIsFull" time="0"/>
  <testcase classname="adt.stack.StudentStackTest" name="testIsEmpty" time="0"/>
  <testcase classname="adt.stack.StudentStackTest" name="testIsFull2" time="0"/>
  <testcase classname="adt.stack.StudentStackTest" name="testPushComErro1" time="0"/>
  <testcase classname="adt.stack.StudentStackTest" name="testPushComErro2" time="0"/>
  <testcase classname="adt.stack.StudentStackTest" name="testPushComErro3" time="0.001"/>
  <testcase classname="adt.stack.StudentStackTest" name="testPushComErro4" time="0"/>
</testsuite>