<?xml version="1.0" encoding="UTF-8" ?>
<testsuite tests="10" failures="0" name="sorting.test.StudentSortingTest" time="0.008" errors="0" skipped="0">
  <properties>
[...]
</properties>
  <testcase classname="sorting.test.StudentSortingTest" name="testSortArrayFraction01WithInvalidInput" time="0.004"/>
  <testcase classname="sorting.test.StudentSortingTest" name="testSortArrayFraction01" time="0.002"/>
  <testcase classname="sorting.test.StudentSortingTest" name="testSortArrayFraction02" time="0.001"/>
  <testcase classname="sorting.test.StudentSortingTest" name="testSortArrayFraction03" time="0"/>
  <testcase classname="sorting.test.StudentSortingTest" name="testSortArrayFraction04" time="0"/>
  <testcase classname="sorting.test.StudentSortingTest" name="testSort01" time="0"/>
  <testcase classname="sorting.test.StudentSortingTest" name="testSort02" time="0"/>
  <testcase classname="sorting.test.StudentSortingTest" name="testSort03" time="0"/>
  <testcase classname="sorting.test.StudentSortingTest" name="testSort04" time="0"/>
  <testcase classname="sorting.test.StudentSortingTest" name="testSort05" time="0.001"/>
</testsuite>